<?xml version="1.0" encoding="UTF-8"?>
<!-- Generated by org.testng.reporters.JUnitXMLReporter -->
<testsuite hostname="ALIPL0932.local" ignored="0" tests="1" failures="1" timestamp="19 Jan 2021 11:16:59 GMT" time="33.325" errors="0">
  <testcase name="testSampleWordPress" time="29.618" classname="Wordpress_Sample_Test">
    <failure type="java.lang.AssertionError" message="Create Your Account Page has not Displayed... expected [true] but found [false]">
      <![CDATA[java.lang.AssertionError: Create Your Account Page has not Displayed... expected [true] but found [false]
at Wordpress_Sample_Test.testSampleWordPress(Wordpress_Sample_Test.java:23)
... Removed 28 stack frames]]>
    </failure>
  </testcase> <!-- testSampleWordPress -->
</testsuite>
