<?xml version="1.0" encoding="UTF-8"?>
<testng-results skipped="0" failed="1" ignored="0" total="1" passed="0">
  <reporter-output>
  </reporter-output>
  <suite name="Test Suite" duration-ms="33325" started-at="2021-01-19T11:16:21Z" finished-at="2021-01-19T11:16:54Z">
    <groups>
    </groups>
    <test name="WordPress Account" duration-ms="33325" started-at="2021-01-19T11:16:21Z" finished-at="2021-01-19T11:16:54Z">
      <class name="Wordpress_Sample_Test">
        <test-method status="PASS" signature="startAppiumServer(java.lang.String, java.lang.String)[pri:0, instance:Wordpress_Sample_Test@3e792ce3]" name="startAppiumServer" is-config="true" duration-ms="46" started-at="2021-01-19T11:16:21Z" finished-at="2021-01-19T11:16:21Z">
          <params>
            <param index="0">
              <value>
                <![CDATA[web]]>
              </value>
            </param>
            <param index="1">
              <value>
                <![CDATA[chrome]]>
              </value>
            </param>
          </params>
          <reporter-output>
          </reporter-output>
        </test-method> <!-- startAppiumServer -->
        <test-method status="PASS" signature="setupDriver(java.lang.String, java.lang.String, java.lang.String)[pri:0, instance:Wordpress_Sample_Test@3e792ce3]" name="setupDriver" is-config="true" duration-ms="2595" started-at="2021-01-19T11:16:21Z" finished-at="2021-01-19T11:16:24Z">
          <params>
            <param index="0">
              <value>
                <![CDATA[web]]>
              </value>
            </param>
            <param index="1">
              <value>
                <![CDATA[chrome]]>
              </value>
            </param>
            <param index="2">
              <value is-null="true"/>
            </param>
          </params>
          <reporter-output>
          </reporter-output>
        </test-method> <!-- setupDriver -->
        <test-method status="FAIL" signature="testSampleWordPress()[pri:0, instance:Wordpress_Sample_Test@3e792ce3]" name="testSampleWordPress" duration-ms="29618" started-at="2021-01-19T11:16:24Z" description="Wordpress Sample Test" finished-at="2021-01-19T11:16:53Z">
          <exception class="java.lang.AssertionError">
            <message>
              <![CDATA[Create Your Account Page has not Displayed... expected [true] but found [false]]]>
            </message>
            <full-stacktrace>
              <![CDATA[java.lang.AssertionError: Create Your Account Page has not Displayed... expected [true] but found [false]
at org.testng.Assert.fail(Assert.java:96)
at org.testng.Assert.failNotEquals(Assert.java:776)
at org.testng.Assert.assertTrue(Assert.java:44)
at Wordpress_Sample_Test.testSampleWordPress(Wordpress_Sample_Test.java:23)
at sun.reflect.NativeMethodAccessorImpl.invoke0(Native Method)
at sun.reflect.NativeMethodAccessorImpl.invoke(NativeMethodAccessorImpl.java:62)
at sun.reflect.DelegatingMethodAccessorImpl.invoke(DelegatingMethodAccessorImpl.java:43)
at java.lang.reflect.Method.invoke(Method.java:498)
at org.testng.internal.MethodInvocationHelper.invokeMethod(MethodInvocationHelper.java:124)
at org.testng.internal.Invoker.invokeMethod(Invoker.java:583)
at org.testng.internal.Invoker.invokeTestMethod(Invoker.java:719)
at org.testng.internal.Invoker.invokeTestMethods(Invoker.java:989)
at org.testng.internal.TestMethodWorker.invokeTestMethods(TestMethodWorker.java:125)
at org.testng.internal.TestMethodWorker.run(TestMethodWorker.java:109)
at org.testng.TestRunner.privateRun(TestRunner.java:648)
at org.testng.TestRunner.run(TestRunner.java:505)
at org.testng.SuiteRunner.runTest(SuiteRunner.java:455)
at org.testng.SuiteRunner.runSequentially(SuiteRunner.java:450)
at org.testng.SuiteRunner.privateRun(SuiteRunner.java:415)
at org.testng.SuiteRunner.run(SuiteRunner.java:364)
at org.testng.SuiteRunnerWorker.runSuite(SuiteRunnerWorker.java:52)
at org.testng.SuiteRunnerWorker.run(SuiteRunnerWorker.java:84)
at org.testng.TestNG.runSuitesSequentially(TestNG.java:1208)
at org.testng.TestNG.runSuitesLocally(TestNG.java:1137)
at org.testng.TestNG.runSuites(TestNG.java:1049)
at org.testng.TestNG.run(TestNG.java:1017)
at org.testng.remote.AbstractRemoteTestNG.run(AbstractRemoteTestNG.java:115)
at org.testng.remote.RemoteTestNG.initAndRun(RemoteTestNG.java:251)
at org.testng.remote.RemoteTestNG.main(RemoteTestNG.java:77)
]]>
            </full-stacktrace>
          </exception> <!-- java.lang.AssertionError -->
          <reporter-output>
          </reporter-output>
        </test-method> <!-- testSampleWordPress -->
        <test-method status="PASS" signature="teardownDriver()[pri:0, instance:Wordpress_Sample_Test@3e792ce3]" name="teardownDriver" is-config="true" duration-ms="125" started-at="2021-01-19T11:16:54Z" finished-at="2021-01-19T11:16:54Z">
          <reporter-output>
          </reporter-output>
        </test-method> <!-- teardownDriver -->
        <test-method status="PASS" signature="stopAppiumServer(java.lang.String, java.lang.String)[pri:0, instance:Wordpress_Sample_Test@3e792ce3]" name="stopAppiumServer" is-config="true" duration-ms="0" started-at="2021-01-19T11:16:54Z" finished-at="2021-01-19T11:16:54Z">
          <params>
            <param index="0">
              <value>
                <![CDATA[web]]>
              </value>
            </param>
            <param index="1">
              <value>
                <![CDATA[chrome]]>
              </value>
            </param>
          </params>
          <reporter-output>
          </reporter-output>
        </test-method> <!-- stopAppiumServer -->
      </class> <!-- Wordpress_Sample_Test -->
    </test> <!-- WordPress Account -->
  </suite> <!-- Test Suite -->
</testng-results>
